Compiling the C compiler identification source file "CMakeCCompilerId.c" failed.
Compiler: /Library/Developer/CommandLineTools/usr/bin/cc 
Build flags: 
Id flags:  

The output was:
1
ld: library not found for -lSystem
clang: error: linker command failed with exit code 1 (use -v to see invocation)


Compiling the CXX compiler identification source file "CMakeCXXCompilerId.cpp" failed.
Compiler: /Library/Developer/CommandLineTools/usr/bin/c++ 
Build flags: 
Id flags:  

The output was:
1
ld: library not found for -lc++
clang: error: linker command failed with exit code 1 (use -v to see invocation)


Determining if the function sgemm_ exists failed with the following output:
Change Dir: /Users/zihanwu/High-quality-ellipse-detection/debug/CMakeFiles/CMakeTmp

Run Build Command(s):/usr/bin/make -f Makefile cmTC_c97c7/fast && /Library/Developer/CommandLineTools/usr/bin/make  -f CMakeFiles/cmTC_c97c7.dir/build.make CMakeFiles/cmTC_c97c7.dir/build
Building C object CMakeFiles/cmTC_c97c7.dir/CheckFunctionExists.c.o
/Library/Developer/CommandLineTools/usr/bin/cc   -DCHECK_FUNCTION_EXISTS=sgemm_ -arch arm64 -isysroot /Library/Developer/CommandLineTools/SDKs/MacOSX11.3.sdk -MD -MT CMakeFiles/cmTC_c97c7.dir/CheckFunctionExists.c.o -MF CMakeFiles/cmTC_c97c7.dir/CheckFunctionExists.c.o.d -o CMakeFiles/cmTC_c97c7.dir/CheckFunctionExists.c.o -c /opt/local/share/cmake-3.20/Modules/CheckFunctionExists.c
Linking C executable cmTC_c97c7
/opt/local/bin/cmake -E cmake_link_script CMakeFiles/cmTC_c97c7.dir/link.txt --verbose=1
/Library/Developer/CommandLineTools/usr/bin/cc  -DCHECK_FUNCTION_EXISTS=sgemm_ -arch arm64 -isysroot /Library/Developer/CommandLineTools/SDKs/MacOSX11.3.sdk -Wl,-search_paths_first -Wl,-headerpad_max_install_names -L/opt/homebrew/opt/lapack/lib:  CMakeFiles/cmTC_c97c7.dir/CheckFunctionExists.c.o -o cmTC_c97c7 
ld: warning: directory not found for option '-L/opt/homebrew/opt/lapack/lib:'
Undefined symbols for architecture arm64:
  "_sgemm_", referenced from:
      _main in CheckFunctionExists.c.o
ld: symbol(s) not found for architecture arm64
clang: error: linker command failed with exit code 1 (use -v to see invocation)
make[1]: *** [cmTC_c97c7] Error 1
make: *** [cmTC_c97c7/fast] Error 2



